2024-12-08 21:06:26,601 INFO  [org.apache.activemq.artemis.integration.bootstrap] AMQ101000: Starting ActiveMQ Artemis Server version 2.38.0
2024-12-08 21:06:26,760 INFO  [org.apache.activemq.artemis.core.server] AMQ221000: Primary message broker is starting with configuration Broker Configuration (clustered=false,journalDirectory=data/journal,bindingsDirectory=data/bindings,largeMessagesDirectory=data/large-messages,pagingDirectory=data/paging)
2024-12-08 21:06:26,792 INFO  [org.apache.activemq.artemis.core.server] AMQ221013: Using NIO Journal
2024-12-08 21:06:26,843 INFO  [org.apache.activemq.artemis.core.server] AMQ221057: Global Max Size is being adjusted to 1/2 of the JVM max size (-Xmx). being defined as 1073741824
2024-12-08 21:06:26,869 INFO  [org.apache.activemq.artemis.core.server] AMQ221043: Protocol module found: [artemis-server]. Adding protocol support for: CORE
2024-12-08 21:06:26,870 INFO  [org.apache.activemq.artemis.core.server] AMQ221043: Protocol module found: [artemis-amqp-protocol]. Adding protocol support for: AMQP
2024-12-08 21:06:26,871 INFO  [org.apache.activemq.artemis.core.server] AMQ221043: Protocol module found: [artemis-hornetq-protocol]. Adding protocol support for: HORNETQ
2024-12-08 21:06:26,871 INFO  [org.apache.activemq.artemis.core.server] AMQ221043: Protocol module found: [artemis-mqtt-protocol]. Adding protocol support for: MQTT
2024-12-08 21:06:26,872 INFO  [org.apache.activemq.artemis.core.server] AMQ221043: Protocol module found: [artemis-openwire-protocol]. Adding protocol support for: OPENWIRE
2024-12-08 21:06:26,872 INFO  [org.apache.activemq.artemis.core.server] AMQ221043: Protocol module found: [artemis-stomp-protocol]. Adding protocol support for: STOMP
2024-12-08 21:06:26,921 INFO  [org.apache.activemq.artemis.core.server] AMQ221034: Waiting indefinitely to obtain primary lock
2024-12-08 21:06:26,921 INFO  [org.apache.activemq.artemis.core.server] AMQ221035: Primary Server Obtained primary lock
2024-12-08 21:06:27,041 INFO  [org.apache.activemq.artemis.core.server] AMQ221080: Deploying address DLQ supporting [ANYCAST]
2024-12-08 21:06:27,052 INFO  [org.apache.activemq.artemis.core.server] AMQ221003: Deploying ANYCAST queue DLQ on address DLQ
2024-12-08 21:06:27,104 INFO  [org.apache.activemq.artemis.core.server] AMQ221080: Deploying address ExpiryQueue supporting [ANYCAST]
2024-12-08 21:06:27,105 INFO  [org.apache.activemq.artemis.core.server] AMQ221003: Deploying ANYCAST queue ExpiryQueue on address ExpiryQueue
2024-12-08 21:06:27,453 INFO  [org.apache.activemq.artemis.core.server] AMQ221020: Started NIO Acceptor at 0.0.0.0:61616 for protocols [CORE,MQTT,AMQP,STOMP,HORNETQ,OPENWIRE]
2024-12-08 21:06:27,476 INFO  [org.apache.activemq.artemis.core.server] AMQ221020: Started NIO Acceptor at 0.0.0.0:5445 for protocols [HORNETQ,STOMP]
2024-12-08 21:06:27,501 INFO  [org.apache.activemq.artemis.core.server] AMQ221020: Started NIO Acceptor at 0.0.0.0:5672 for protocols [AMQP]
2024-12-08 21:06:27,522 INFO  [org.apache.activemq.artemis.core.server] AMQ221020: Started NIO Acceptor at 0.0.0.0:1883 for protocols [MQTT]
2024-12-08 21:06:27,544 INFO  [org.apache.activemq.artemis.core.server] AMQ221020: Started NIO Acceptor at 0.0.0.0:61613 for protocols [STOMP]
2024-12-08 21:06:27,549 INFO  [org.apache.activemq.artemis.core.server] AMQ221007: Server is now active
2024-12-08 21:06:27,549 INFO  [org.apache.activemq.artemis.core.server] AMQ221001: Apache ActiveMQ Artemis Message Broker version 2.38.0 [0.0.0.0, nodeID=49b50d77-b5a8-11ef-89a3-00155d72da1d] 
2024-12-08 21:06:27,556 INFO  [org.apache.activemq.artemis] AMQ241003: Starting embedded web server
2024-12-08 21:06:27,828 INFO  [org.apache.activemq.hawtio.branding.PluginContextListener] Initialized activemq-branding plugin
2024-12-08 21:06:27,897 INFO  [org.apache.activemq.hawtio.plugin.PluginContextListener] Initialized artemis-plugin plugin
2024-12-08 21:06:28,727 INFO  [io.hawt.HawtioContextListener] Initialising hawtio services
2024-12-08 21:06:28,735 INFO  [io.hawt.system.ConfigManager] Configuration will be discovered via system properties
2024-12-08 21:06:28,739 INFO  [io.hawt.jmx.JmxTreeWatcher] Welcome to Hawtio 2.17.7
2024-12-08 21:06:28,744 INFO  [io.hawt.web.auth.AuthenticationConfiguration] Starting hawtio authentication filter, JAAS realm: "activemq" authorized role(s): "amq" role principal classes: "org.apache.activemq.artemis.spi.core.security.jaas.RolePrincipal"
2024-12-08 21:06:28,753 INFO  [io.hawt.web.auth.LoginRedirectFilter] Hawtio loginRedirectFilter is using 1800 sec. HttpSession timeout
2024-12-08 21:06:28,768 INFO  [org.apache.activemq.artemis] AMQ241001: HTTP Server started at http://localhost:8161
2024-12-08 21:06:28,769 INFO  [org.apache.activemq.artemis] AMQ241002: Artemis Jolokia REST API available at http://localhost:8161/console/jolokia
2024-12-08 21:06:28,769 INFO  [org.apache.activemq.artemis] AMQ241004: Artemis Console available at http://localhost:8161/console
2024-12-08 21:06:38,120 INFO  [io.hawt.web.auth.LoginServlet] Hawtio login is using 1800 sec. HttpSession timeout
2024-12-08 21:06:38,558 INFO  [io.hawt.web.auth.keycloak.KeycloakServlet] Keycloak integration is disabled
2024-12-08 21:06:38,688 INFO  [io.hawt.web.proxy.ProxyServlet] Proxy servlet is disabled
2024-12-08 21:06:38,716 INFO  [io.hawt.web.servlets.JolokiaConfiguredAgentServlet] Jolokia overridden property: [key=policyLocation, value=file:/D:/Programming_projects/HospitalApp/AuthService/my-broker/etc/\jolokia-access.xml]
2024-12-08 21:06:48,326 INFO  [io.hawt.web.auth.LoginServlet] Logging in user: artemis
2024-12-08 21:43:40,803 INFO  [io.hawt.web.auth.SessionExpiryFilter] Expiring session due to inactivity
2024-12-08 21:44:16,788 INFO  [io.hawt.web.auth.LoginServlet] Logging in user: artemis
